jdevadf/modules/adf-logging-handler/src
jdevadf/modules/adf-share-base/src
jdevadf/modules/adf-share-ca/src
jdevadf/modules/audit/src
jdevadf/modules/balipi/src
jdevadf/modules/bundles-info-file/src
jdevadf/modules/ceditor/src
jdevadf/modules/ceditor-find/src
jdevadf/modules/ceditor-saveactions/src
jdevadf/modules/ceditor-text-format/src
jdevadf/modules/ceditor-tint/src
jdevadf/modules/classpath/src
jdevadf/modules/compare-api/src
jdevadf/modules/db-api/src
jdevadf/modules/db-api-impl/src
jdevadf/modules/db-ca/src
jdevadf/modules/db-conn/src
jdevadf/modules/db-explorer/src
jdevadf/modules/db-plsql/src
jdevadf/modules/db-probe-debugger/src
jdevadf/modules/db-timesten/src
jdevadf/modules/db-ui/src
jdevadf/modules/db-ui-sqldev/src
jdevadf/modules/dependency/src
jdevadf/modules/deploy-core/src
jdevadf/modules/diagram/src
jdevadf/modules/dvt-jclient/src
jdevadf/modules/dvt-jclient-gui/src
jdevadf/modules/dvt-utils/src
jdevadf/modules/external-balishare/src
jdevadf/modules/external-batik/src
jdevadf/modules/external-berkeleydb/src
jdevadf/modules/external-checkstyle/src
jdevadf/modules/external-commons-httpclient/src
jdevadf/modules/external-el/src
jdevadf/modules/external-el-for-uix2/src
jdevadf/modules/external-equinox/src
jdevadf/modules/external-jaxb/src
jdevadf/modules/external-jrf-api/src
jdevadf/modules/external-jsch/src
jdevadf/modules/external-jsp/src
jdevadf/modules/external-jviews/src
jdevadf/modules/external-jxlayer/src
jdevadf/modules/external-ldap/src
jdevadf/modules/external-miglayout/src
jdevadf/modules/external-odl/src
jdevadf/modules/external-ohj/src
jdevadf/modules/external-oracle-jrf-adminserver/src
jdevadf/modules/external-oracle-jrf-dms/src
jdevadf/modules/external-oracle-jrf-logging/src
jdevadf/modules/external-servlet-runtime/src
jdevadf/modules/external-sqlj-rt/src
jdevadf/modules/external-sunjaxb/src
jdevadf/modules/external-svnkit/src
jdevadf/modules/external-timing/src
jdevadf/modules/external-woodstox/src
jdevadf/modules/external-xdb/src
jdevadf/modules/external-xdk/src
jdevadf/modules/external-xmlparser/src
jdevadf/modules/externaltools/src
jdevadf/modules/fcp-boot/src
jdevadf/modules/file/src
jdevadf/modules/gallery/src
jdevadf/modules/help/src
jdevadf/modules/help-startpage/src
jdevadf/modules/history/src
jdevadf/modules/icons/src
jdevadf/modules/ide/src
jdevadf/modules/ide-boot/src
jdevadf/modules/ide-cache/src
jdevadf/modules/ide-file/src
jdevadf/modules/ide-library/src
jdevadf/modules/ide-macros/src
jdevadf/modules/ide-osgi/src
jdevadf/modules/ide-print/src
jdevadf/modules/ide-print-api/src
jdevadf/modules/ide-thumbnail/src
jdevadf/modules/ide-win32/src
jdevadf/modules/idert/src
jdevadf/modules/importexport/src
jdevadf/modules/indexing/src
jdevadf/modules/insight/src
jdevadf/modules/inspector/src
jdevadf/modules/java-annotations/src
jdevadf/modules/java-core/src
jdevadf/modules/javacompiler/src
jdevadf/modules/javamodel-rt/src
jdevadf/modules/javatools/src
jdevadf/modules/javatools-jdk/src
jdevadf/modules/javatools-jndi-local/src
jdevadf/modules/javatools-nodeps/src
jdevadf/modules/javaxide/src
jdevadf/modules/jdev-build/src
jdevadf/modules/jdev-cm/src
jdevadf/modules/jdev-runner/src
jdevadf/modules/jdev-runner-core/src
jdevadf/modules/jdev-style/src
jdevadf/modules/jdeveloper-common/src
jdevadf/modules/jdeveloper-technology/src
jdevadf/modules/jdukshare/src
jdevadf/modules/jewt-core/src
jdevadf/modules/jewt-dbui/src
jdevadf/modules/jewt-jle/src
jdevadf/modules/jgoodies-looks/src
jdevadf/modules/layout-managers/src
jdevadf/modules/local-history/src
jdevadf/modules/log/src
jdevadf/modules/macosx/src
jdevadf/modules/markers/src
jdevadf/modules/mof-xmi/src
jdevadf/modules/navigator/src
jdevadf/modules/nb-api-annotations-common/src
jdevadf/modules/nb-api-progress/src
jdevadf/modules/nb-c-jcraft-jsch/src
jdevadf/modules/nb-c-jcraft-jzlib/src
jdevadf/modules/nb-core-netigso/src
jdevadf/modules/nb-core-startup/src
jdevadf/modules/nb-editor-guards/src
jdevadf/modules/nb-editor-mimelookup/src
jdevadf/modules/nb-keyring/src
jdevadf/modules/nb-libs-git/src
jdevadf/modules/nb-libs-osgi/src
jdevadf/modules/nb-netbinox/src
jdevadf/modules/nb-o-eclipse-jgit/src
jdevadf/modules/nb-o-n-bootstrap/src
jdevadf/modules/nb-o-n-swing-outline/src
jdevadf/modules/nb-o-n-swing-plaf/src
jdevadf/modules/nb-o-n-swing-tabcontrol/src
jdevadf/modules/nb-openide-actions/src
jdevadf/modules/nb-openide-awt/src
jdevadf/modules/nb-openide-dialogs/src
jdevadf/modules/nb-openide-explorer/src
jdevadf/modules/nb-openide-filesystems/src
jdevadf/modules/nb-openide-io/src
jdevadf/modules/nb-openide-loaders/src
jdevadf/modules/nb-openide-modules/src
jdevadf/modules/nb-openide-nodes/src
jdevadf/modules/nb-openide-text/src
jdevadf/modules/nb-openide-util/src
jdevadf/modules/nb-openide-util-lookup/src
jdevadf/modules/nb-openide-windows/src
jdevadf/modules/nb-queries/src
jdevadf/modules/nb-sampler/src
jdevadf/modules/nb-settings/src
jdevadf/modules/nb-spi-quicksearch/src
jdevadf/modules/netbeans-platform/src
jdevadf/modules/palette1/src
jdevadf/modules/palette2/src
jdevadf/modules/patch/src
jdevadf/modules/peek/src
jdevadf/modules/peekimpl/src
jdevadf/modules/persistence/src
jdevadf/modules/quickdiff/src
jdevadf/modules/replace/src
jdevadf/modules/runner/src
jdevadf/modules/searchbar/src
jdevadf/modules/status/src
jdevadf/modules/theme-fusionblue/src
jdevadf/modules/uic/src
jdevadf/modules/usages-tracking/src
jdevadf/modules/vcs/src
jdevadf/modules/vcs-core/src
jdevadf/modules/vcs-git/src
jdevadf/modules/vcs-subversion/src
jdevadf/modules/vfs/src
jdevadf/modules/vhv/src
jdevadf/modules/webbrowser/src
jdevadf/modules/webbrowser-osx/src
jdevadf/modules/webupdate/src
jdevadf/modules/webupdate-rt/src
jdevadf/modules/webupdate-rt-boot/src
jdevadf/modules/xml-factory/src
jdevadf/modules/xmlef/src
jdevadf/modules/xmlef-core/src
jdevadf/modules/xmlef-ide/src
jdevadf/modules/xmlef-swing/src
